[www.display.care/works/index.html]
[backblue.gif]
[fade.gif]
[index.html]
[www.display.care/css/style4ddf.css]
[www.display.care/js/main4ddf.js]
[www.display.care/static/meta/apple-touch-icon.png]
[www.display.care/static/meta/favicon-32x32.png]
[www.display.care/static/meta/favicon-16x16.png]
[www.display.care/works/spring-flats/index.html]
[www.display.care/works/sda-i-saint/index.html]
[www.display.care/works/index.html]
[www.display.care/css/style4ddf.css]
[www.display.care/works/pulse-assist/index.html]
[acsbapp.com/apps/app/dist/js/app.js]
[www.display.care/css/style4f06.css]
[www.display.care/works/pulse-assist/index.html]
[www.display.care/works/sda-i-saint/index.html]
[www.display.care/works/spring-flats/index.html]
[www.display.care/css/style4f06.css]
[www.display.care/js/main4f06.js]
